<?xml version="1.0" encoding="UTF-8"?>
<testsuite name="SILab2Test" tests="1" skipped="0" failures="0" errors="0" timestamp="2022-06-02T22:46:47" hostname="DESKTOP-DG0L62O" time="0.074">
  <properties/>
  <testcase name="everyBranchTest()" classname="SILab2Test" time="0.074"/>
  <system-out><![CDATA[]]></system-out>
  <system-err><![CDATA[]]></system-err>
</testsuite>
